<?xml version="1.0" encoding="UTF-8"?>
<testng-results total="1" passed="1" failed="0" skipped="0">
  <reporter-output>
  </reporter-output>
  <suite started-at="2022-09-01T09:09:15Z" name="Suite" finished-at="2022-09-01T09:09:20Z" duration-ms="4105">
    <groups>
    </groups>
    <test started-at="2022-09-01T09:09:15Z" name="Test" finished-at="2022-09-01T09:09:20Z" duration-ms="4105">
      <class name="practiceTestng.TestNGProject">
        <test-method signature="tc001()[pri:0, instance:practiceTestng.TestNGProject@6cd24612]" started-at="2022-09-01T14:39:15Z" name="tc001" finished-at="2022-09-01T14:39:20Z" duration-ms="4096" status="PASS">
          <reporter-output>
          </reporter-output>
        </test-method> <!-- tc001 -->
      </class> <!-- practiceTestng.TestNGProject -->
    </test> <!-- Test -->
  </suite> <!-- Suite -->
</testng-results>
